{
  "RSpec": {
    "coverage": {
      "/home/conor/Documents/Projects/week_9/bowling-challenge-ruby/spec/features/full_game_spec.rb": {
        "lines": [
          1,
          null,
          1,
          2,
          null,
          1,
          1,
          1,
          1,
          1,
          1,
          1,
          1,
          1,
          1,
          1,
          1,
          1,
          1,
          1,
          1,
          1,
          1,
          1,
          1,
          null,
          1,
          null,
          null
        ]
      },
      "/home/conor/Documents/Projects/week_9/bowling-challenge-ruby/lib/game.rb": {
        "lines": [
          1,
          null,
          1,
          null,
          1,
          null,
          1,
          null,
          1,
          11,
          11,
          11,
          11,
          11,
          null,
          null,
          1,
          null,
          50,
          50,
          null,
          50,
          50,
          null,
          50,
          50,
          50,
          50,
          50,
          null,
          null,
          1,
          50,
          9,
          3,
          3,
          null,
          6,
          6,
          null,
          41,
          3,
          3,
          null,
          null,
          null,
          1,
          50,
          26,
          26,
          26,
          null,
          null,
          null,
          1,
          50,
          7,
          null,
          null,
          null,
          1,
          52,
          7,
          45,
          4,
          null,
          null,
          null,
          1,
          50,
          26,
          null,
          null,
          null,
          1,
          150,
          20,
          null,
          null,
          null,
          1,
          151,
          12,
          null,
          null,
          null
        ]
      },
      "/home/conor/Documents/Projects/week_9/bowling-challenge-ruby/lib/frame.rb": {
        "lines": [
          1,
          null,
          1,
          null,
          1,
          13,
          13,
          null,
          null,
          1,
          62,
          null,
          null,
          1,
          27,
          null,
          null,
          1,
          26,
          null,
          null
        ]
      },
      "/home/conor/Documents/Projects/week_9/bowling-challenge-ruby/spec/features/gutter_game_spec.rb": {
        "lines": [
          1,
          null,
          1,
          2,
          null,
          1,
          null,
          1,
          20,
          null,
          null,
          1,
          null,
          null
        ]
      },
      "/home/conor/Documents/Projects/week_9/bowling-challenge-ruby/spec/frame_spec.rb": {
        "lines": [
          1,
          null,
          1,
          null,
          2,
          null,
          1,
          1,
          1,
          1,
          null,
          1,
          null,
          null,
          null,
          1,
          1,
          1,
          null,
          1,
          null,
          null,
          null
        ]
      },
      "/home/conor/Documents/Projects/week_9/bowling-challenge-ruby/spec/game_spec.rb": {
        "lines": [
          1,
          null,
          1,
          null,
          10,
          null,
          1,
          1,
          1,
          1,
          1,
          1,
          null,
          1,
          null,
          null,
          null,
          1,
          1,
          1,
          1,
          null,
          1,
          null,
          null,
          1,
          1,
          1,
          null,
          1,
          null,
          null,
          null,
          1,
          1,
          1,
          null,
          1,
          null,
          null,
          1,
          1,
          1,
          null,
          1,
          null,
          null,
          null,
          1,
          1,
          1,
          1,
          null,
          1,
          null,
          null,
          1,
          1,
          null,
          1,
          null,
          null,
          null,
          1,
          1,
          1,
          1,
          1,
          1,
          null,
          1,
          null,
          null,
          1,
          1,
          1,
          1,
          null,
          1,
          null,
          null,
          null
        ]
      }
    },
    "timestamp": 1652769327
  }
}
