{
  "RSpec": {
    "coverage": {
      "/home/conor/Documents/Projects/week_9/bowling-challenge-ruby/spec/features/full_game_spec.rb": {
        "lines": [
          1,
          null,
          1,
          1,
          null,
          1,
          0,
          0,
          null,
          0,
          0,
          null,
          0,
          0,
          null,
          0,
          0,
          null,
          0,
          null,
          0,
          null,
          null,
          0,
          null,
          null
        ]
      },
      "/home/conor/Documents/Projects/week_9/bowling-challenge-ruby/lib/game.rb": {
        "lines": [
          1,
          null,
          1,
          null,
          1,
          null,
          1,
          10,
          null,
          10,
          10,
          10,
          10,
          null,
          null,
          1,
          11,
          11,
          null,
          11,
          null,
          11,
          2,
          2,
          9,
          1,
          1,
          null,
          null,
          11,
          6,
          6,
          6,
          null,
          null,
          null,
          11,
          null,
          null,
          1,
          11,
          6,
          null,
          null,
          null,
          1,
          25,
          4,
          null,
          null,
          null,
          1,
          35,
          5,
          null,
          null,
          null,
          1,
          13,
          2,
          null,
          11,
          2,
          null,
          null,
          null,
          null,
          null,
          null,
          null,
          null,
          null,
          null,
          null,
          null,
          null
        ]
      },
      "/home/conor/Documents/Projects/week_9/bowling-challenge-ruby/lib/frame.rb": {
        "lines": [
          1,
          null,
          1,
          null,
          1,
          null,
          1,
          12,
          12,
          null,
          null,
          1,
          24,
          null,
          null,
          1,
          7,
          null,
          null,
          1,
          6,
          null,
          null
        ]
      },
      "/home/conor/Documents/Projects/week_9/bowling-challenge-ruby/lib/score.rb": {
        "lines": [
          1,
          null,
          1,
          13,
          null,
          null,
          1,
          1,
          null,
          null,
          null,
          null
        ]
      },
      "/home/conor/Documents/Projects/week_9/bowling-challenge-ruby/spec/frame_spec.rb": {
        "lines": [
          1,
          null,
          1,
          null,
          2,
          null,
          1,
          1,
          1,
          1,
          1,
          null,
          null,
          null,
          1,
          1,
          1,
          1,
          null,
          null,
          null
        ]
      },
      "/home/conor/Documents/Projects/week_9/bowling-challenge-ruby/spec/game_spec.rb": {
        "lines": [
          1,
          null,
          1,
          null,
          10,
          null,
          1,
          1,
          1,
          1,
          1,
          1,
          1,
          null,
          null,
          null,
          1,
          1,
          1,
          1,
          1,
          null,
          null,
          1,
          1,
          1,
          1,
          null,
          null,
          null,
          1,
          1,
          1,
          1,
          null,
          null,
          1,
          1,
          1,
          1,
          null,
          null,
          null,
          1,
          1,
          1,
          1,
          1,
          null,
          null,
          1,
          1,
          1,
          null,
          null,
          null,
          1,
          1,
          1,
          1,
          1,
          1,
          1,
          null,
          null,
          1,
          1,
          1,
          1,
          1,
          null,
          null,
          null
        ]
      },
      "/home/conor/Documents/Projects/week_9/bowling-challenge-ruby/spec/score_spec.rb": {
        "lines": [
          1,
          1,
          null,
          1,
          2,
          null,
          1,
          1,
          1,
          1,
          1,
          null,
          null,
          null
        ]
      }
    },
    "timestamp": 1651005243
  }
}
